 
===============================================================================
                      Software Metrics Summary Report
===============================================================================
 
                        TEXT	LOC	DOC (pages)
                        ----	---	-----------
  1 Directories:	38907	24362	0
 
 63 Source files
 734 Routines
 37% Comment Ratio
 79 Maintainability Index
 
Per Routine:            Mean	Max	No. and % > 50,10,10
                        ----	---	--------------------
Non-comment Source LOC:  22.9	164	92	12.5%
Cyclomatic Complexity:   2.8	25	22	3.0%
Fan-out:                 4.9	38	96	13.1%
 
Recommend reducing the size of the following routines:
    Dataset::writeIOAPIAttributes                         164     13     19
    toURLString                                           157     14     38
    PolygonDataset::readXDRData                           153     22     18
    AircraftDataset::vsubset                              153     10     13
    CALIPSODataset::writeASCII                            141      9     21
    PolygonDataset::writeCOARDS                           128     13     23
    Dataset::setDatasetNameFromDescriptionAndVariable     117     25     15
    SwathDataset::writeASCII                              116      8     21
    GridDataset::writeXDR                                 111     18     22
    ProfileDataset::vsubset                               107     10      9
    GridDataset::vsubset                                  107      4      5
    Dataset::computeVerticalRectangleCoordinates          106     12     12
    Stereographic::computeDerivedTerms                    104      8     15
    SwathDataset::vsubset                                 103      6     11
    CALIPSODataset::readScanData                          103     11     19
    ProfileDataset::readProfileData                       102     13     17
    CALIPSODataset::vsubset                               102      5      9
    GridDataset::vtimeseries                               99     14      8
    CMAQDataset::copyCellCenterCoordinates                 99      9      8
    GridDataset::writeKML                                  98     11     22
    SwathDataset::readScanData                             96     10     17
    CALIPSODataset::writeScanData                          95     11     11
    GridDataset::readData                                  94     11     14
    AircraftDataset::vprobe                                94     13      9
    CALIPSODataset::vprobe                                 91     14      5
    ProfileDataset::writeASCII                             90      7     19
    SwathDataset::writeScanData                            89     15     10
    Dataset::readProjectionAndGrid                         89     10     14
    appendRegriddingParameters                             87      5     24
    RegriddedPointDataset::readXDR                         87      4     26
    Dataset::writeIOAPIHeader                              87      5     10
    GridDataset::writeASCII                                86      9     23
    RegriddedAircraftDataset::writeASCII                   85      8     14
    Dataset::readRegridded64BitVariables                   83     14     14
    Dataset::computeCMAQGridLongitudesLatitudes            83      6     17
    CMAQGridParameters::CMAQGridParameters                 83      1      3
    CALIPSODataset::readXDR                                83      3     19
    SiteDataset::writeXDR                                  82     11     13
    AircraftDataset::writeASCII                            82      7     22
    SiteDataset::writeASCII                                81      9     12
    SiteDataset::vsubset                                   81      4      5
    AircraftDataset::readTrackData                         81      8     18
    SiteDataset::writeKML                                  80      7     22
    SiteDataset::readXDRData                               79     15     13
    GridDataset::readXDRData                               78      8     14
    Dataset::subset                                        78      2      5
    Dataset::readVariablesAndUnits                         78     13     14
    SwathDataset::readXDR                                  76      2     18
    DatasetManager::checkAndSetServerHost                  76      8     11
    RegriddedCALIPSODataset::readXDR                       75      2     24
    ProfileDataset::writeProfileData                       75     10     11
    Albers::computeDerivedTerms                            75      4     15
    RegriddedAircraftDataset::readXDR                      74      2     26
    Dataset::readRegridded32BitVariables                   74     10     14
    CMAQGridParameters::CMAQGridParameters                 74      5     10
    AircraftDataset::readXDR                               73      2     19
    SwathDataset::writeKML                                 72      5     18
    DataFilterParameters::DataFilterParameters             72      2      2
    SiteDataset::writeCOARDS                               71      9     18
    ProfileDataset::writeKML                               69      6     21
    ProfileDataset::readXDR                                69      2     18
    appendLevelParameters                                  68      6     19
    PolygonDataset::vsubset                                68      5      6
    Dataset::overlappedTimeRange                           68      6     12
    Lambert::computeDerivedTerms                           67      6     13
    Dataset::writeBufferedCOARDSVariables                  67      7     13
    RegriddedProfileDataset::readXDR                       66      2     24
    AircraftDataset::writeKML                              66      6     20
    CMAQGridParameters::isValidParameters                  62      1      1
    directoryListing                                       61     10     10
    RegriddedGridDataset::readXDR                          61      1     21
    Dataset::writeCOARDSCommon                             61      5     17
    SwathDataset::writeXDR                                 60      9     14
    RegriddedSiteDataset::readXDR                          60      1     20
    Dataset::writeProjectionParameters                     60      6      7
    CALIPSODataset::writeXDR                               60      9     15
    RegriddedSwathDataset::readXDR                         59      2     20
    CALIPSODataset::writeKML                               59      7     18
    Stereographic::unprojectSpheroid                       58      8     10
    SiteDataset::vtimeseries                               57      6      5
    QueryParameters::pathedFileName                        57     13      6
    ProfileDataset::vprobe                                 57      9      5
    Dataset::writeCOARDSCoordinates                        57      7     14
    AircraftDataset::writeTrackData                        57      5     14
    QueryParameters::QueryParameters                       56      1      2
    RegriddedGridDataset::writeXDR                         55      6     15
    GridDataset::vprobe                                    54      8      4
    Dataset::readProjectionParameters                      54     13      3
    GridDataset::writeCOARDS                               53      6     11
    Albers::unproject                                      53      7      9
    AircraftDataset::writeXDR                              53      8     15
    GridDataset::readXDRHeader                             51      2     12
Recommend reducing the complexity of the following routines:
    Dataset::setDatasetNameFromDescriptionAndVariable     117     25     15
    PolygonDataset::readXDRData                           153     22     18
    GridDataset::writeXDR                                 111     18     22
    SwathDataset::writeScanData                            89     15     10
    SiteDataset::readXDRData                               79     15     13
    toURLString                                           157     14     38
    GridDataset::vtimeseries                               99     14      8
    Dataset::readRegridded64BitVariables                   83     14     14
    CALIPSODataset::vprobe                                 91     14      5
    QueryParameters::pathedFileName                        57     13      6
    ProfileDataset::readProfileData                       102     13     17
    PolygonDataset::writeCOARDS                           128     13     23
    Dataset::writeIOAPIAttributes                         164     13     19
    Dataset::readVariablesAndUnits                         78     13     14
    Dataset::readProjectionParameters                      54     13      3
    AircraftDataset::vprobe                                94     13      9
    Dataset::computeVerticalRectangleCoordinates          106     12     12
    SiteDataset::writeXDR                                  82     11     13
    GridDataset::writeKML                                  98     11     22
    GridDataset::readData                                  94     11     14
    CALIPSODataset::writeScanData                          95     11     11
    CALIPSODataset::readScanData                          103     11     19
Recommend reducing the fan-out of the following routines:
    toURLString                                           157     14     38
    RegriddedPointDataset::readXDR                         87      4     26
    RegriddedAircraftDataset::readXDR                      74      2     26
    appendRegriddingParameters                             87      5     24
    RegriddedProfileDataset::readXDR                       66      2     24
    RegriddedCALIPSODataset::readXDR                       75      2     24
    PolygonDataset::writeCOARDS                           128     13     23
    GridDataset::writeASCII                                86      9     23
    SiteDataset::writeKML                                  80      7     22
    GridDataset::writeXDR                                 111     18     22
    GridDataset::writeKML                                  98     11     22
    AircraftDataset::writeASCII                            82      7     22
    SwathDataset::writeASCII                              116      8     21
    RegriddedGridDataset::readXDR                          61      1     21
    ProfileDataset::writeKML                               69      6     21
    CALIPSODataset::writeASCII                            141      9     21
    RegriddedSwathDataset::readXDR                         59      2     20
    RegriddedSiteDataset::readXDR                          60      1     20
    AircraftDataset::writeKML                              66      6     20
    appendLevelParameters                                  68      6     19
    ProfileDataset::writeASCII                             90      7     19
    Dataset::writeIOAPIAttributes                         164     13     19
    CALIPSODataset::readXDR                                83      3     19
    CALIPSODataset::readScanData                          103     11     19
    AircraftDataset::readXDR                               73      2     19
    SwathDataset::writeKML                                 72      5     18
    SwathDataset::readXDR                                  76      2     18
    SiteDataset::writeCOARDS                               71      9     18
    ProfileDataset::readXDR                                69      2     18
    PolygonDataset::readXDRData                           153     22     18
    CALIPSODataset::writeKML                               59      7     18
    AircraftDataset::readTrackData                         81      8     18
    SwathDataset::readScanData                             96     10     17
    ProfileDataset::readProfileData                       102     13     17
    Dataset::writeCOARDSCommon                             61      5     17
    Dataset::computeCMAQGridLongitudesLatitudes            83      6     17
    Stereographic::computeDerivedTerms                    104      8     15
    RegriddedGridDataset::writeXDR                         55      6     15
    Dataset::setDatasetNameFromDescriptionAndVariable     117     25     15
    CALIPSODataset::writeXDR                               60      9     15
    Albers::computeDerivedTerms                            75      4     15
    AircraftDataset::writeXDR                              53      8     15
    SwathDataset::writeXDR                                 60      9     14
    SiteDataset::readXDRHeader                             44      1     14
    RegriddedSwathDataset::write                           28      8     14
    RegriddedSiteDataset::write                            28      8     14
    RegriddedProfileDataset::write                         28      8     14
    RegriddedPointDataset::write                           28      8     14
    RegriddedGridDataset::write                            28      8     14
    RegriddedCALIPSODataset::write                         28      8     14
    RegriddedAircraftDataset::writeASCII                   85      8     14
    RegriddedAircraftDataset::write                        28      8     14
    PolygonDataset::write                                  28      9     14
    GridDataset::readXDRData                               78      8     14
    GridDataset::readData                                  94     11     14
    Dataset::writeCOARDSCoordinates                        57      7     14
    Dataset::readVariablesAndUnits                         78     13     14
    Dataset::readRegridded64BitVariables                   83     14     14
    Dataset::readRegridded32BitVariables                   74     10     14
    Dataset::readProjectionAndGrid                         89     10     14
    AircraftDataset::writeTrackData                        57      5     14
    SwathDataset::write                                    26      7     13
    SiteDataset::writeXDR                                  82     11     13
    SiteDataset::write                                     26      7     13
    SiteDataset::readXDRData                               79     15     13
    RegriddedCALIPSODataset::writeXDR                      31      4     13
    RegriddedAircraftDataset::writeXDR                     47      5     13
    RegriddedAircraftDataset::writeCOARDS                  46      5     13
    ProfileDataset::writeXDR                               49      8     13
    ProfileDataset::writeCOARDS                            46      7     13
    ProfileDataset::write                                  26      7     13
    Lambert::computeDerivedTerms                           67      6     13
    GridDataset::write                                     26      7     13
    Dataset::writeBufferedCOARDSVariables                  67      7     13
    CALIPSODataset::write                                  26      7     13
    AircraftDataset::writeCOARDS                           46      7     13
    AircraftDataset::write                                 26      7     13
    AircraftDataset::vsubset                              153     10     13
    SwathDataset::writeCOARDS                              42      6     12
    SiteDataset::writeASCII                                81      9     12
    RegriddedSwathDataset::writeXDR                        30      4     12
    RegriddedProfileDataset::writeXDR                      30      4     12
    GridDataset::readXDRHeader                             51      2     12
    Dataset::overlappedTimeRange                           68      6     12
    Dataset::computeVerticalRectangleCoordinates          106     12     12
    CALIPSODataset::writeCOARDS                            43      6     12
    SwathDataset::vsubset                                 103      6     11
    RegriddedSiteDataset::writeXDR                         45      5     11
    RegriddedPointDataset::writeXDR                        49      5     11
    ProfileDataset::writeProfileData                       75     10     11
    GridDataset::writeCOARDS                               53      6     11
    DatasetManager::retrieveDatasetToFile                  23      4     11
    DatasetManager::retrieveDataset                        34      7     11
    DatasetManager::checkAndSetServerHost                  76      8     11
    Dataset::writeCOARDSVariables                          44      5     11
    CALIPSODataset::writeScanData                          95     11     11
