 
===============================================================================
                      Software Metrics Summary Report
===============================================================================
 
                        TEXT	LOC	DOC (pages)
                        ----	---	-----------
  1 Directories:	17189	11405	0
 
 17 Source files
 207 Routines
 34% Comment Ratio
 86 Maintainability Index
 
Per Routine:            Mean	Max	No. and % > 50,10,10
                        ----	---	--------------------
Non-comment Source LOC:  36.3	241	40	19.3%
Cyclomatic Complexity:   4.7	18	20	9.7%
Fan-out:                 5.0	19	20	9.7%
 
Recommend reducing the size of the following routines:
    writeCellDataToKML                                    241     10      8
    computeGridCellVertices                               209      8      6
    writeDataToDBFFile                                    170     14     16
    writeDataToCSVFile                                    163     13     18
    writeGridToShapefile                                  162     12     19
    writePolygonsToKML                                    154     13      7
    subsetMapFloat                                        152     16      6
    subsetMapDouble                                       149     15      6
    readImageFile                                         132     13     15
    readAndClipShapes                                     131     11     18
    writePointsToShapefile                                129     16     14
    subsetIndices                                         124      8      8
    writePolylinesToShapefile                             117     12     13
    writePointSubsetDBF                                   116     13     18
    writePolygonDBF                                       103     18     14
    copyPolygons                                          100     17      4
    makePolygon                                            97      9     13
    readDBF                                                96     17     19
    writeShapeData                                         83     13     16
    readPNGFile                                            79     17     12
    readAndTriangulateShapes                               75      9     19
    nearestPolyline                                        74     11      7
    defineDBFColumns                                       74     15      9
    clipPolylines                                          72      7     13
    writeNetCDFCOARDSContents                              70      8     11
    directoryListing                                       68     12     11
    streamShapefiles                                       65      6     10
    storeStringValue                                       65      9      9
    createPolyline                                         65      9      6
    subsetDBFByTime                                        63      8     13
    copyShapeData                                          63     13      6
    writeMapImagesToKMLHelper                              61      4      8
    copySparseVertices                                     61     10      2
    computeGridBounds                                      60      6      4
    createNetCDFCoordinates                                55      9      4
    computeSparsedPartCount                                55      5      2
    pointInTriangles                                       53      6      5
    writeASCIIGridFile                                     52      5      8
    createNetCDFIOAPIVariables                             52      6      5
    writePolygonsToShapefile                               51      5     16
Recommend reducing the complexity of the following routines:
    writePolygonDBF                                       103     18     14
    readPNGFile                                            79     17     12
    readDBF                                                96     17     19
    copyPolygons                                          100     17      4
    writePointsToShapefile                                129     16     14
    subsetMapFloat                                        152     16      6
    subsetMapDouble                                       149     15      6
    defineDBFColumns                                       74     15      9
    writeDataToDBFFile                                    170     14     16
    writeShapeData                                         83     13     16
    writePolygonsToKML                                    154     13      7
    writePointSubsetDBF                                   116     13     18
    writeDataToCSVFile                                    163     13     18
    readImageFile                                         132     13     15
    copyShapeData                                          63     13      6
    writePolylinesToShapefile                             117     12     13
    writeGridToShapefile                                  162     12     19
    directoryListing                                       68     12     11
    readAndClipShapes                                     131     11     18
    nearestPolyline                                        74     11      7
Recommend reducing the fan-out of the following routines:
    writeGridToShapefile                                  162     12     19
    readDBF                                                96     17     19
    readAndTriangulateShapes                               75      9     19
    writePointSubsetDBF                                   116     13     18
    writeDataToCSVFile                                    163     13     18
    readAndClipShapes                                     131     11     18
    writeShapeData                                         83     13     16
    writePolygonsToShapefile                               51      5     16
    writeDataToDBFFile                                    170     14     16
    readImageFile                                         132     13     15
    writePolygonDBF                                       103     18     14
    writePointsToShapefile                                129     16     14
    writePolylinesToShapefile                             117     12     13
    subsetDBFByTime                                        63      8     13
    makePolygon                                            97      9     13
    clipPolylines                                          72      7     13
    readPNGFile                                            79     17     12
    writeNetCDFCOARDSContents                              70      8     11
    readFile                                               35      5     11
    directoryListing                                       68     12     11
