This file contains any messages produced by compilers while
running configure, to aid debugging if configure makes a mistake.

It was created by netCDF configure 3.6.0, which was
generated by GNU Autoconf 2.59.  Invocation command line was

  $ configure 

## --------- ##
## Platform. ##
## --------- ##

hostname = oz.rtpnc.epa.gov
uname -m = i386
uname -r = 9.6.0
uname -s = Darwin
uname -v = Darwin Kernel Version 9.6.0: Mon Nov 24 17:37:00 PST 2008; root:xnu-1228.9.59~1/RELEASE_I386

/usr/bin/uname -p = i386
/bin/uname -X     = unknown

/bin/arch              = unknown
/usr/bin/arch -k       = unknown
/usr/convex/getsysinfo = unknown
hostinfo               = Mach kernel version:
	 Darwin Kernel Version 9.6.0: Mon Nov 24 17:37:00 PST 2008; root:xnu-1228.9.59~1/RELEASE_I386
Kernel configured for up to 8 processors.
8 processors are physically available.
8 processors are logically available.
Processor type: i486 (Intel 80486)
Processors active: 0 1 2 3 4 5 6 7
Primary memory available: 32.00 gigabytes
Default processor set: 60 tasks, 281 threads, 8 processors
Load average: 0.57, Mach factor: 7.42
/bin/machine           = unknown
/usr/bin/oslevel       = unknown
/bin/universe          = unknown

PATH: .
PATH: /Users/plessel/bin
PATH: /Users/plessel/bin/Darwin
PATH: /bin
PATH: /etc
PATH: /usr/bin
PATH: /usr/sbin
PATH: /usr/bin/X11
PATH: /usr/X11/bin
PATH: /usr/bsd
PATH: /usr/lib
PATH: /usr/lib/monitor
PATH: /usr/etc
PATH: /usr/ucb
PATH: /usr/ccs/bin
PATH: /Users/plessel/lib/external/c/bin
PATH: /Users/plessel/lib/external/c/bin/Darwin
PATH: /Users/plessel/lib/internal/c/bin
PATH: /Users/plessel/lib/internal/c/bin/Darwin
PATH: /usr/local/bin
PATH: /usr/freeware/bin


## ----------- ##
## Core tests. ##
## ----------- ##

configure:1369: checking build system type
configure:1387: result: i686-apple-darwin9.6.0
configure:1395: checking host system type
configure:1409: result: i686-apple-darwin9.6.0
configure:1421: checking for top-level source-directory
configure:1424: result: /Users/plessel/projects/eutrophic/code/src/libs/NetCDF/netcdf-3.6.0-p1/src
configure:1531: checking for C compiler version
configure:1534: gcc --version </dev/null >&5
i686-apple-darwin9-gcc-4.2.1 (GCC) 4.2.1 (Apple Inc. build 5566)
Copyright (C) 2007 Free Software Foundation, Inc.
This is free software; see the source for copying conditions.  There is NO
warranty; not even for MERCHANTABILITY or FITNESS FOR A PARTICULAR PURPOSE.

configure:1537: $? = 0
configure:1539: gcc -v </dev/null >&5
Using built-in specs.
Target: i686-apple-darwin9
Configured with: /var/tmp/gcc_42/gcc_42-5566~1/src/configure --disable-checking --enable-werror --prefix=/usr --mandir=/usr/share/man --enable-languages=c,objc,c++,obj-c++ --program-transform-name=/^[cg][^.-]*$/s/$/-4.2/ --with-slibdir=/usr/lib --build=i686-apple-darwin9 --with-gxx-include-dir=/usr/include/c++/4.0.0 --host=i686-apple-darwin9 --target=i686-apple-darwin9
Thread model: posix
gcc version 4.2.1 (Apple Inc. build 5566)
configure:1542: $? = 0
configure:1544: gcc -V </dev/null >&5
gcc-4.2: argument to `-V' is missing
configure:1547: $? = 1
configure:1570: checking for C compiler default output file name
configure:1573: gcc -D_FILE_OFFSET_BITS=64 -D_LARGEFILE_SOURCE -g -arch ppc -arch ppc64 -arch i686 -arch x86_64   conftest.c  >&5
configure:1576: $? = 0
configure:1622: result: a.out
configure:1627: checking whether the C compiler works
configure:1633: ./a.out
configure:1636: $? = 0
configure:1653: result: yes
configure:1660: checking whether we are cross compiling
configure:1662: result: no
configure:1665: checking for suffix of executables
configure:1667: gcc -o conftest -D_FILE_OFFSET_BITS=64 -D_LARGEFILE_SOURCE -g -arch ppc -arch ppc64 -arch i686 -arch x86_64   conftest.c  >&5
configure:1670: $? = 0
configure:1695: result: 
configure:1701: checking for suffix of object files
configure:1722: gcc -c -D_FILE_OFFSET_BITS=64 -D_LARGEFILE_SOURCE -g -arch ppc -arch ppc64 -arch i686 -arch x86_64  conftest.c >&5
configure:1725: $? = 0
configure:1747: result: o
configure:1751: checking whether we are using the GNU C compiler
configure:1775: gcc -c -D_FILE_OFFSET_BITS=64 -D_LARGEFILE_SOURCE -g -arch ppc -arch ppc64 -arch i686 -arch x86_64  conftest.c >&5
configure:1781: $? = 0
configure:1785: test -z 
			 || test ! -s conftest.err
configure:1788: $? = 0
configure:1791: test -s conftest.o
configure:1794: $? = 0
configure:1807: result: yes
configure:1813: checking whether gcc accepts -g
configure:1834: gcc -c -g  conftest.c >&5
configure:1840: $? = 0
configure:1844: test -z 
			 || test ! -s conftest.err
configure:1847: $? = 0
configure:1850: test -s conftest.o
configure:1853: $? = 0
configure:1864: result: yes
configure:1881: checking for gcc option to accept ANSI C
configure:1951: gcc  -c -D_FILE_OFFSET_BITS=64 -D_LARGEFILE_SOURCE -g -arch ppc -arch ppc64 -arch i686 -arch x86_64  conftest.c >&5
configure:1957: $? = 0
configure:1961: test -z 
			 || test ! -s conftest.err
configure:1964: $? = 0
configure:1967: test -s conftest.o
configure:1970: $? = 0
configure:1988: result: none needed
configure:2006: gcc -c -D_FILE_OFFSET_BITS=64 -D_LARGEFILE_SOURCE -g -arch ppc -arch ppc64 -arch i686 -arch x86_64  conftest.c >&5
conftest.c:2: error: expected '=', ',', ';', 'asm' or '__attribute__' before 'me'
conftest.c:2: error: expected '=', ',', ';', 'asm' or '__attribute__' before 'me'
conftest.c:2: error: expected '=', ',', ';', 'asm' or '__attribute__' before 'me'
conftest.c:2: error: expected '=', ',', ';', 'asm' or '__attribute__' before 'me'
lipo: can't figure out the architecture type of: /var/folders/vb/vbW+iEwuEEOWUCqD7biPE++++TI/-Tmp-//cc5up2bX.out
configure:2012: $? = 1
configure: failed program was:
| #ifndef __cplusplus
|   choke me
| #endif
configure:3082: checking for g++
configure:3098: found /usr/bin/g++
configure:3108: result: g++
configure:3124: checking for C++ compiler version
configure:3127: g++ --version </dev/null >&5
i686-apple-darwin9-g++-4.2.1 (GCC) 4.2.1 (Apple Inc. build 5566)
Copyright (C) 2007 Free Software Foundation, Inc.
This is free software; see the source for copying conditions.  There is NO
warranty; not even for MERCHANTABILITY or FITNESS FOR A PARTICULAR PURPOSE.

configure:3130: $? = 0
configure:3132: g++ -v </dev/null >&5
Using built-in specs.
Target: i686-apple-darwin9
Configured with: /var/tmp/gcc_42/gcc_42-5566~1/src/configure --disable-checking --enable-werror --prefix=/usr --mandir=/usr/share/man --enable-languages=c,objc,c++,obj-c++ --program-transform-name=/^[cg][^.-]*$/s/$/-4.2/ --with-slibdir=/usr/lib --build=i686-apple-darwin9 --with-gxx-include-dir=/usr/include/c++/4.0.0 --host=i686-apple-darwin9 --target=i686-apple-darwin9
Thread model: posix
gcc version 4.2.1 (Apple Inc. build 5566)
configure:3135: $? = 0
configure:3137: g++ -V </dev/null >&5
g++-4.2: argument to `-V' is missing
configure:3140: $? = 1
configure:3143: checking whether we are using the GNU C++ compiler
configure:3167: g++ -c -D_FILE_OFFSET_BITS=64 -D_LARGEFILE_SOURCE -g -arch ppc -arch ppc64 -arch i686 -arch x86_64  conftest.cc >&5
configure:3173: $? = 0
configure:3177: test -z 
			 || test ! -s conftest.err
configure:3180: $? = 0
configure:3183: test -s conftest.o
configure:3186: $? = 0
configure:3199: result: yes
configure:3205: checking whether g++ accepts -g
configure:3226: g++ -c -g  conftest.cc >&5
configure:3232: $? = 0
configure:3236: test -z 
			 || test ! -s conftest.err
configure:3239: $? = 0
configure:3242: test -s conftest.o
configure:3245: $? = 0
configure:3256: result: yes
configure:3298: g++ -c -D_FILE_OFFSET_BITS=64 -D_LARGEFILE_SOURCE -g -arch ppc -arch ppc64 -arch i686 -arch x86_64  conftest.cc >&5
configure:3304: $? = 0
configure:3308: test -z 
			 || test ! -s conftest.err
configure:3311: $? = 0
configure:3314: test -s conftest.o
configure:3317: $? = 0
configure:3343: g++ -c -D_FILE_OFFSET_BITS=64 -D_LARGEFILE_SOURCE -g -arch ppc -arch ppc64 -arch i686 -arch x86_64  conftest.cc >&5
conftest.cc: In function 'int main()':
conftest.cc:13: error: 'exit' was not declared in this scope
conftest.cc: In function 'int main()':
conftest.cc:13: error: 'exit' was not declared in this scope
conftest.cc: In function 'int main()':
conftest.cc:13: error: 'exit' was not declared in this scope
conftest.cc: In function 'int main()':
conftest.cc:13: error: 'exit' was not declared in this scope
lipo: can't figure out the architecture type of: /var/folders/vb/vbW+iEwuEEOWUCqD7biPE++++TI/-Tmp-//ccySsdqj.out
configure:3349: $? = 1
configure: failed program was:
| /* confdefs.h.  */
| 
| #define PACKAGE_NAME "netCDF"
| #define PACKAGE_TARNAME "netcdf"
| #define PACKAGE_VERSION "3.6.0"
| #define PACKAGE_STRING "netCDF 3.6.0"
| #define PACKAGE_BUGREPORT "support@unidata.ucar.edu"
| /* end confdefs.h.  */
| 
| int
| main ()
| {
| exit (42);
|   ;
|   return 0;
| }
configure:3298: g++ -c -D_FILE_OFFSET_BITS=64 -D_LARGEFILE_SOURCE -g -arch ppc -arch ppc64 -arch i686 -arch x86_64  conftest.cc >&5
conftest.cc:9: error: 'void std::exit(int)' should have been declared inside 'std'
In file included from conftest.cc:10:
/usr/include/stdlib.h:159: error: declaration of 'void std::exit(int)' throws different exceptions
conftest.cc:9: error: from previous declaration 'void std::exit(int) throw ()'
conftest.cc:9: error: 'void std::exit(int)' should have been declared inside 'std'
In file included from conftest.cc:10:
/usr/include/stdlib.h:159: error: declaration of 'void std::exit(int)' throws different exceptions
conftest.cc:9: error: from previous declaration 'void std::exit(int) throw ()'
conftest.cc:9: error: 'void std::exit(int)' should have been declared inside 'std'
In file included from conftest.cc:10:
/usr/include/stdlib.h:159: error: declaration of 'void std::exit(int)' throws different exceptions
conftest.cc:9: error: from previous declaration 'void std::exit(int) throw ()'
conftest.cc:9: error: 'void std::exit(int)' should have been declared inside 'std'
In file included from conftest.cc:10:
/usr/include/stdlib.h:159: error: declaration of 'void std::exit(int)' throws different exceptions
conftest.cc:9: error: from previous declaration 'void std::exit(int) throw ()'
lipo: can't figure out the architecture type of: /var/folders/vb/vbW+iEwuEEOWUCqD7biPE++++TI/-Tmp-//ccEkZrwW.out
configure:3304: $? = 1
configure: failed program was:
| /* confdefs.h.  */
| 
| #define PACKAGE_NAME "netCDF"
| #define PACKAGE_TARNAME "netcdf"
| #define PACKAGE_VERSION "3.6.0"
| #define PACKAGE_STRING "netCDF 3.6.0"
| #define PACKAGE_BUGREPORT "support@unidata.ucar.edu"
| /* end confdefs.h.  */
| extern "C" void std::exit (int) throw (); using std::exit;
| #include <stdlib.h>
| int
| main ()
| {
| exit (42);
|   ;
|   return 0;
| }
configure:3298: g++ -c -D_FILE_OFFSET_BITS=64 -D_LARGEFILE_SOURCE -g -arch ppc -arch ppc64 -arch i686 -arch x86_64  conftest.cc >&5
conftest.cc:9: error: 'void std::exit(int)' should have been declared inside 'std'
conftest.cc:9: error: 'void std::exit(int)' should have been declared inside 'std'
conftest.cc:9: error: 'void std::exit(int)' should have been declared inside 'std'
conftest.cc:9: error: 'void std::exit(int)' should have been declared inside 'std'
lipo: can't figure out the architecture type of: /var/folders/vb/vbW+iEwuEEOWUCqD7biPE++++TI/-Tmp-//cc9fjOtY.out
configure:3304: $? = 1
configure: failed program was:
| /* confdefs.h.  */
| 
| #define PACKAGE_NAME "netCDF"
| #define PACKAGE_TARNAME "netcdf"
| #define PACKAGE_VERSION "3.6.0"
| #define PACKAGE_STRING "netCDF 3.6.0"
| #define PACKAGE_BUGREPORT "support@unidata.ucar.edu"
| /* end confdefs.h.  */
| extern "C" void std::exit (int); using std::exit;
| #include <stdlib.h>
| int
| main ()
| {
| exit (42);
|   ;
|   return 0;
| }
configure:3298: g++ -c -D_FILE_OFFSET_BITS=64 -D_LARGEFILE_SOURCE -g -arch ppc -arch ppc64 -arch i686 -arch x86_64  conftest.cc >&5
In file included from conftest.cc:10:
/usr/include/stdlib.h:159: error: declaration of 'void exit(int)' throws different exceptions
conftest.cc:9: error: from previous declaration 'void exit(int) throw ()'
In file included from conftest.cc:10:
/usr/include/stdlib.h:159: error: declaration of 'void exit(int)' throws different exceptions
conftest.cc:9: error: from previous declaration 'void exit(int) throw ()'
In file included from conftest.cc:10:
/usr/include/stdlib.h:159: error: declaration of 'void exit(int)' throws different exceptions
conftest.cc:9: error: from previous declaration 'void exit(int) throw ()'
In file included from conftest.cc:10:
/usr/include/stdlib.h:159: error: declaration of 'void exit(int)' throws different exceptions
conftest.cc:9: error: from previous declaration 'void exit(int) throw ()'
lipo: can't figure out the architecture type of: /var/folders/vb/vbW+iEwuEEOWUCqD7biPE++++TI/-Tmp-//ccKhiLKb.out
configure:3304: $? = 1
configure: failed program was:
| /* confdefs.h.  */
| 
| #define PACKAGE_NAME "netCDF"
| #define PACKAGE_TARNAME "netcdf"
| #define PACKAGE_VERSION "3.6.0"
| #define PACKAGE_STRING "netCDF 3.6.0"
| #define PACKAGE_BUGREPORT "support@unidata.ucar.edu"
| /* end confdefs.h.  */
| extern "C" void exit (int) throw ();
| #include <stdlib.h>
| int
| main ()
| {
| exit (42);
|   ;
|   return 0;
| }
configure:3298: g++ -c -D_FILE_OFFSET_BITS=64 -D_LARGEFILE_SOURCE -g -arch ppc -arch ppc64 -arch i686 -arch x86_64  conftest.cc >&5
configure:3304: $? = 0
configure:3308: test -z 
			 || test ! -s conftest.err
configure:3311: $? = 0
configure:3314: test -s conftest.o
configure:3317: $? = 0
configure:3343: g++ -c -D_FILE_OFFSET_BITS=64 -D_LARGEFILE_SOURCE -g -arch ppc -arch ppc64 -arch i686 -arch x86_64  conftest.cc >&5
configure:3349: $? = 0
configure:3353: test -z 
			 || test ! -s conftest.err
configure:3356: $? = 0
configure:3359: test -s conftest.o
configure:3362: $? = 0
configure:3755: checking C++ compiler "g++"
configure:3788: g++ -o conftest -D_FILE_OFFSET_BITS=64 -D_LARGEFILE_SOURCE -g -arch ppc -arch ppc64 -arch i686 -arch x86_64   conftest.cc  >&5
configure:3791: $? = 0
configure:3793: ./conftest
configure:3796: $? = 0
configure:3799: result: works
configure:3891: checking for xlf
configure:3920: result: no
configure:3891: checking for f95
configure:3920: result: no
configure:3891: checking for fort
configure:3920: result: no
configure:3891: checking for xlf95
configure:3920: result: no
configure:3891: checking for ifc
configure:3920: result: no
configure:3891: checking for efc
configure:3920: result: no
configure:3891: checking for pgf95
configure:3920: result: no
configure:3891: checking for lf95
configure:3920: result: no
configure:3891: checking for gfortran
configure:3907: found /usr/local/bin/gfortran
configure:3917: result: gfortran
configure:3932: checking for Fortran compiler version
configure:3935: gfortran --version </dev/null >&5
GNU Fortran (GCC) 4.4.0 20081219 (experimental)
Copyright (C) 2008 Free Software Foundation, Inc.

GNU Fortran comes with NO WARRANTY, to the extent permitted by law.
You may redistribute copies of GNU Fortran
under the terms of the GNU General Public License.
For more information about these matters, see the file named COPYING

configure:3938: $? = 0
configure:3940: gfortran -v </dev/null >&5
Using built-in specs.
Target: i386-apple-darwin9.5.0
Configured with: ../gcc-4.4-20081219/configure --enable-languages=fortran
Thread model: posix
gcc version 4.4.0 20081219 (experimental) (GCC) 
configure:3943: $? = 0
configure:3945: gfortran -V </dev/null >&5
gfortran: '-V' option must have argument
configure:3948: $? = 1
configure:3956: checking whether we are using the GNU Fortran compiler
configure:3970: gfortran -c   conftest.F >&5
configure:3976: $? = 0
configure:3980: test -z 
			 || test ! -s conftest.err
configure:3983: $? = 0
configure:3986: test -s conftest.o
configure:3989: $? = 0
configure:4002: result: yes
configure:4008: checking whether gfortran accepts -g
configure:4020: gfortran -c -g  conftest.f >&5
configure:4026: $? = 0
configure:4030: test -z 
			 || test ! -s conftest.err
configure:4033: $? = 0
configure:4036: test -s conftest.o
configure:4039: $? = 0
configure:4051: result: yes
configure:4180: checking for Fortran compiler version
configure:4183: gfortran --version </dev/null >&5
GNU Fortran (GCC) 4.4.0 20081219 (experimental)
Copyright (C) 2008 Free Software Foundation, Inc.

GNU Fortran comes with NO WARRANTY, to the extent permitted by law.
You may redistribute copies of GNU Fortran
under the terms of the GNU General Public License.
For more information about these matters, see the file named COPYING

configure:4186: $? = 0
configure:4188: gfortran -v </dev/null >&5
Using built-in specs.
Target: i386-apple-darwin9.5.0
Configured with: ../gcc-4.4-20081219/configure --enable-languages=fortran
Thread model: posix
gcc version 4.4.0 20081219 (experimental) (GCC) 
configure:4191: $? = 0
configure:4193: gfortran -V </dev/null >&5
gfortran: '-V' option must have argument
configure:4196: $? = 1
configure:4204: checking whether we are using the GNU Fortran compiler
configure:4250: result: yes
configure:4256: checking whether gfortran accepts -g
configure:4299: result: yes
configure:4324: checking if Fortran-related pre-processor flag needed
configure:4350: result:  -Df2cFortran
configure:4385: checking user-defined Fortran-90 compiler "gfortran"
configure:4393: gfortran -c  conftest.f90
configure:4396: $? = 0
configure:4398: result: works
configure:4580: checking for m4 preprocessor...
configure:4587: checking for m4
configure:4603: found /usr/bin/m4
configure:4613: result: m4
configure:4666: checking m4 flags
configure:4671: result: -B10000
configure:4676: checking how to make dependencies
configure:4711: result: false
configure:4733: checking if we need to set _LARGE_FILES on AIX with OBJECT_MODE=64 or CFLAGS includes -q64
configure:4757: result: 
configure:4768: checking for special C compiler options needed for large files
configure:4867: result: no
configure:4873: checking for _FILE_OFFSET_BITS value needed for large files
configure:4904: gcc -c -D_FILE_OFFSET_BITS=64 -D_LARGEFILE_SOURCE -g -arch ppc -arch ppc64 -arch i686 -arch x86_64  -Df2cFortran conftest.c >&5
configure:4910: $? = 0
configure:4914: test -z 
			 || test ! -s conftest.err
configure:4917: $? = 0
configure:4920: test -s conftest.o
configure:4923: $? = 0
configure:4988: result: no
configure:4998: checking for _LARGE_FILES value needed for large files
configure:5029: gcc -c -D_FILE_OFFSET_BITS=64 -D_LARGEFILE_SOURCE -g -arch ppc -arch ppc64 -arch i686 -arch x86_64  -Df2cFortran conftest.c >&5
configure:5035: $? = 0
configure:5039: test -z 
			 || test ! -s conftest.err
configure:5042: $? = 0
configure:5045: test -s conftest.o
configure:5048: $? = 0
configure:5113: result: no
configure:5127: checking for ar utility...
configure:5175: checking for libtool
configure:5201: result: libtool -static -o 
configure:5213: checking ar flags
configure:5218: result: cru
configure:5223: checking for nm utility...
configure:5230: checking for nm
configure:5246: found /usr/bin/nm
configure:5256: result: nm
configure:5309: checking nm flags
configure:5314: result: 
configure:5359: checking for ranlib
configure:5375: found /usr/bin/ranlib
configure:5386: result: ranlib
configure:5411: checking for a BSD-compatible install
configure:5466: result: /usr/bin/install -c
configure:5481: checking CPPFLAGS
configure:5483: result:  -Df2cFortran
configure:5485: checking CC CFLAGS
configure:5487: result: gcc -D_FILE_OFFSET_BITS=64 -D_LARGEFILE_SOURCE -g -arch ppc -arch ppc64 -arch i686 -arch x86_64
configure:5490: checking which gcc
configure:5492: result: /usr/bin/gcc
configure:5495: checking CXX
configure:5498: result: g++
configure:5500: checking CXXFLAGS
configure:5502: result: -D_FILE_OFFSET_BITS=64 -D_LARGEFILE_SOURCE -g -arch ppc -arch ppc64 -arch i686 -arch x86_64
configure:5505: checking which g++
configure:5507: result: /usr/bin/g++
configure:5514: checking FC
configure:5517: result: gfortran
configure:5519: checking FFLAGS
configure:5521: result: -m64 -fopenmp
configure:5524: checking which gfortran
configure:5526: result: /usr/local/bin/gfortran
configure:5533: checking F90
configure:5536: result: gfortran
configure:5538: checking F90FLAGS
configure:5540: result: 
configure:5543: checking which gfortran
configure:5545: result: /usr/local/bin/gfortran
configure:5552: checking AR
configure:5555: result: libtool -static -o 
configure:5557: checking ARFLAGS
configure:5559: result: cru
configure:5562: checking which libtool -static -o 
configure:5564: result: /usr/bin/libtool
configure:5571: checking NM
configure:5574: result: nm
configure:5576: checking NMFLAGS
configure:5578: result: 
configure:5581: checking which nm
configure:5583: result: /usr/bin/nm
configure:5590: checking RANLIB
configure:5593: result: ranlib
configure:5595: checking RANLIBFLAGS
configure:5597: result: 
configure:5600: checking which ranlib
configure:5602: result: /usr/bin/ranlib
configure:5614: checking for SunOS Fortran -ftrap= option
configure:5624: result: 
configure:5633: checking how to run the C preprocessor
configure:5668: gcc -E  -Df2cFortran conftest.c
configure:5674: $? = 0
configure:5706: gcc -E  -Df2cFortran conftest.c
conftest.c:12:28: error: ac_nonexistent.h: No such file or directory
configure:5712: $? = 1
configure: failed program was:
| /* confdefs.h.  */
| 
| #define PACKAGE_NAME "netCDF"
| #define PACKAGE_TARNAME "netcdf"
| #define PACKAGE_VERSION "3.6.0"
| #define PACKAGE_STRING "netCDF 3.6.0"
| #define PACKAGE_BUGREPORT "support@unidata.ucar.edu"
| #ifdef __cplusplus
| extern "C" void exit (int);
| #endif
| /* end confdefs.h.  */
| #include <ac_nonexistent.h>
configure:5751: result: gcc -E
configure:5775: gcc -E  -Df2cFortran conftest.c
configure:5781: $? = 0
configure:5813: gcc -E  -Df2cFortran conftest.c
conftest.c:12:28: error: ac_nonexistent.h: No such file or directory
configure:5819: $? = 1
configure: failed program was:
| /* confdefs.h.  */
| 
| #define PACKAGE_NAME "netCDF"
| #define PACKAGE_TARNAME "netcdf"
| #define PACKAGE_VERSION "3.6.0"
| #define PACKAGE_STRING "netCDF 3.6.0"
| #define PACKAGE_BUGREPORT "support@unidata.ucar.edu"
| #ifdef __cplusplus
| extern "C" void exit (int);
| #endif
| /* end confdefs.h.  */
| #include <ac_nonexistent.h>
configure:5872: checking user-defined Fortran-77 compiler "gfortran"
configure:5879: gfortran -c -m64 -fopenmp conftest.f
configure:5882: $? = 0
configure:5884: result: works
configure:6062: checking for Fortran .F compiler
configure:6064: result: 
configure:6073: checking if Fortran-77 compiler handles *.F files
configure:6085: gfortran -o conftest -m64 -fopenmp conftest.F 
configure:6088: $? = 0
configure:6091: result: yes
configure:6135: checking for C-equivalent to Fortran routine "SUB"
configure:6142: gfortran -c -m64 -fopenmp conftest.f
configure:6145: $? = 0
configure:6157: result: sub_
configure:6179: checking for Fortran "byte"
configure:6187: gfortran -c -m64 -fopenmp conftest.f
configure:6190: $? = 0
configure:6192: result: yes
configure:6209: checking for Fortran "integer*2"
configure:6217: gfortran -c -m64 -fopenmp conftest.f
configure:6220: $? = 0
configure:6222: result: yes
configure:6248: checking if Fortran "byte" is C "signed char"
configure:6258: gcc -c  -Df2cFortran -D_FILE_OFFSET_BITS=64 -D_LARGEFILE_SOURCE -g -arch ppc -arch ppc64 -arch i686 -arch x86_64 conftest.c
conftest.c: In function 'sub_':
conftest.c:4: warning: incompatible implicit declaration of built-in function 'exit'
conftest.c: In function 'sub_':
conftest.c:4: warning: incompatible implicit declaration of built-in function 'exit'
conftest.c: In function 'sub_':
conftest.c:4: warning: incompatible implicit declaration of built-in function 'exit'
conftest.c: In function 'sub_':
conftest.c:4: warning: incompatible implicit declaration of built-in function 'exit'
configure:6261: $? = 0
configure:6264: gfortran -m64 -fopenmp -c conftestf.f
configure:6267: $? = 0
configure:6270: gfortran -o conftest -m64 -fopenmp  conftestf.o conftest.o  
configure:6273: $? = 0
configure:6276: ./conftest
configure:6279: $? = 0
configure:6281: result: yes
configure:6320: checking if Fortran "byte" is C "short"
configure:6330: gcc -c  -Df2cFortran -D_FILE_OFFSET_BITS=64 -D_LARGEFILE_SOURCE -g -arch ppc -arch ppc64 -arch i686 -arch x86_64 conftest.c
conftest.c: In function 'sub_':
conftest.c:4: warning: incompatible implicit declaration of built-in function 'exit'
conftest.c: In function 'sub_':
conftest.c:4: warning: incompatible implicit declaration of built-in function 'exit'
conftest.c: In function 'sub_':
conftest.c:4: warning: incompatible implicit declaration of built-in function 'exit'
conftest.c: In function 'sub_':
conftest.c:4: warning: incompatible implicit declaration of built-in function 'exit'
configure:6333: $? = 0
configure:6336: gfortran -m64 -fopenmp -c conftestf.f
configure:6339: $? = 0
configure:6342: gfortran -o conftest -m64 -fopenmp  conftestf.o conftest.o  
configure:6345: $? = 0
configure:6348: ./conftest
configure:6351: $? = 1
configure:6363: result: no
configure:6392: checking if Fortran "byte" is C "int"
configure:6402: gcc -c  -Df2cFortran -D_FILE_OFFSET_BITS=64 -D_LARGEFILE_SOURCE -g -arch ppc -arch ppc64 -arch i686 -arch x86_64 conftest.c
conftest.c: In function 'sub_':
conftest.c:4: warning: incompatible implicit declaration of built-in function 'exit'
conftest.c: In function 'sub_':
conftest.c:4: warning: incompatible implicit declaration of built-in function 'exit'
conftest.c: In function 'sub_':
conftest.c:4: warning: incompatible implicit declaration of built-in function 'exit'
conftest.c: In function 'sub_':
conftest.c:4: warning: incompatible implicit declaration of built-in function 'exit'
configure:6405: $? = 0
configure:6408: gfortran -m64 -fopenmp -c conftestf.f
configure:6411: $? = 0
configure:6414: gfortran -o conftest -m64 -fopenmp  conftestf.o conftest.o  
configure:6417: $? = 0
configure:6420: ./conftest
configure:6423: $? = 1
configure:6435: result: no
configure:6464: checking if Fortran "byte" is C "long"
configure:6474: gcc -c  -Df2cFortran -D_FILE_OFFSET_BITS=64 -D_LARGEFILE_SOURCE -g -arch ppc -arch ppc64 -arch i686 -arch x86_64 conftest.c
conftest.c: In function 'sub_':
conftest.c:4: warning: incompatible implicit declaration of built-in function 'exit'
conftest.c: In function 'sub_':
conftest.c:4: warning: incompatible implicit declaration of built-in function 'exit'
conftest.c: In function 'sub_':
conftest.c:4: warning: incompatible implicit declaration of built-in function 'exit'
conftest.c: In function 'sub_':
conftest.c:4: warning: incompatible implicit declaration of built-in function 'exit'
configure:6477: $? = 0
configure:6480: gfortran -m64 -fopenmp -c conftestf.f
configure:6483: $? = 0
configure:6486: gfortran -o conftest -m64 -fopenmp  conftestf.o conftest.o  
configure:6489: $? = 0
configure:6492: ./conftest
configure:6495: $? = 1
configure:6507: result: no
configure:6540: checking if Fortran "integer*2" is C "short"
configure:6550: gcc -c  -Df2cFortran -D_FILE_OFFSET_BITS=64 -D_LARGEFILE_SOURCE -g -arch ppc -arch ppc64 -arch i686 -arch x86_64 conftest.c
conftest.c: In function 'sub_':
conftest.c:4: warning: incompatible implicit declaration of built-in function 'exit'
conftest.c: In function 'sub_':
conftest.c:4: warning: incompatible implicit declaration of built-in function 'exit'
conftest.c: In function 'sub_':
conftest.c:4: warning: incompatible implicit declaration of built-in function 'exit'
conftest.c: In function 'sub_':
conftest.c:4: warning: incompatible implicit declaration of built-in function 'exit'
configure:6553: $? = 0
configure:6556: gfortran -m64 -fopenmp -c conftestf.f
configure:6559: $? = 0
configure:6562: gfortran -o conftest -m64 -fopenmp  conftestf.o conftest.o  
configure:6565: $? = 0
configure:6568: ./conftest
configure:6571: $? = 0
configure:6573: result: yes
configure:6612: checking if Fortran "integer*2" is C "int"
configure:6622: gcc -c  -Df2cFortran -D_FILE_OFFSET_BITS=64 -D_LARGEFILE_SOURCE -g -arch ppc -arch ppc64 -arch i686 -arch x86_64 conftest.c
conftest.c: In function 'sub_':
conftest.c:4: warning: incompatible implicit declaration of built-in function 'exit'
conftest.c: In function 'sub_':
conftest.c:4: warning: incompatible implicit declaration of built-in function 'exit'
conftest.c: In function 'sub_':
conftest.c:4: warning: incompatible implicit declaration of built-in function 'exit'
conftest.c: In function 'sub_':
conftest.c:4: warning: incompatible implicit declaration of built-in function 'exit'
configure:6625: $? = 0
configure:6628: gfortran -m64 -fopenmp -c conftestf.f
configure:6631: $? = 0
configure:6634: gfortran -o conftest -m64 -fopenmp  conftestf.o conftest.o  
configure:6637: $? = 0
configure:6640: ./conftest
configure:6643: $? = 1
configure:6655: result: no
configure:6684: checking if Fortran "integer*2" is C "long"
configure:6694: gcc -c  -Df2cFortran -D_FILE_OFFSET_BITS=64 -D_LARGEFILE_SOURCE -g -arch ppc -arch ppc64 -arch i686 -arch x86_64 conftest.c
conftest.c: In function 'sub_':
conftest.c:4: warning: incompatible implicit declaration of built-in function 'exit'
conftest.c: In function 'sub_':
conftest.c:4: warning: incompatible implicit declaration of built-in function 'exit'
conftest.c: In function 'sub_':
conftest.c:4: warning: incompatible implicit declaration of built-in function 'exit'
conftest.c: In function 'sub_':
conftest.c:4: warning: incompatible implicit declaration of built-in function 'exit'
configure:6697: $? = 0
configure:6700: gfortran -m64 -fopenmp -c conftestf.f
configure:6703: $? = 0
configure:6706: gfortran -o conftest -m64 -fopenmp  conftestf.o conftest.o  
configure:6709: $? = 0
configure:6712: ./conftest
configure:6715: $? = 1
configure:6727: result: no
configure:6758: checking if Fortran "integer" is C "int"
configure:6768: gcc -c  -Df2cFortran -D_FILE_OFFSET_BITS=64 -D_LARGEFILE_SOURCE -g -arch ppc -arch ppc64 -arch i686 -arch x86_64 conftest.c
conftest.c: In function 'sub_':
conftest.c:4: warning: incompatible implicit declaration of built-in function 'exit'
conftest.c: In function 'sub_':
conftest.c:4: warning: incompatible implicit declaration of built-in function 'exit'
conftest.c: In function 'sub_':
conftest.c:4: warning: incompatible implicit declaration of built-in function 'exit'
conftest.c: In function 'sub_':
conftest.c:4: warning: incompatible implicit declaration of built-in function 'exit'
configure:6771: $? = 0
configure:6774: gfortran -m64 -fopenmp -c conftestf.f
configure:6777: $? = 0
configure:6780: gfortran -o conftest -m64 -fopenmp  conftestf.o conftest.o  
configure:6783: $? = 0
configure:6786: ./conftest
configure:6789: $? = 0
configure:6791: result: yes
configure:6830: checking if Fortran "real" is C "float"
configure:6840: gcc -c  -Df2cFortran -D_FILE_OFFSET_BITS=64 -D_LARGEFILE_SOURCE -g -arch ppc -arch ppc64 -arch i686 -arch x86_64 conftest.c
conftest.c: In function 'sub_':
conftest.c:4: warning: incompatible implicit declaration of built-in function 'exit'
conftest.c: In function 'sub_':
conftest.c:4: warning: incompatible implicit declaration of built-in function 'exit'
conftest.c: In function 'sub_':
conftest.c:4: warning: incompatible implicit declaration of built-in function 'exit'
conftest.c: In function 'sub_':
conftest.c:4: warning: incompatible implicit declaration of built-in function 'exit'
configure:6843: $? = 0
configure:6846: gfortran -m64 -fopenmp -c conftestf.f
configure:6849: $? = 0
configure:6852: gfortran -o conftest -m64 -fopenmp  conftestf.o conftest.o  
configure:6855: $? = 0
configure:6858: ./conftest
configure:6861: $? = 0
configure:6863: result: yes
configure:6902: checking if Fortran "doubleprecision" is C "double"
configure:6912: gcc -c  -Df2cFortran -D_FILE_OFFSET_BITS=64 -D_LARGEFILE_SOURCE -g -arch ppc -arch ppc64 -arch i686 -arch x86_64 conftest.c
conftest.c: In function 'sub_':
conftest.c:4: warning: incompatible implicit declaration of built-in function 'exit'
conftest.c: In function 'sub_':
conftest.c:4: warning: incompatible implicit declaration of built-in function 'exit'
conftest.c: In function 'sub_':
conftest.c:4: warning: incompatible implicit declaration of built-in function 'exit'
conftest.c: In function 'sub_':
conftest.c:4: warning: incompatible implicit declaration of built-in function 'exit'
configure:6915: $? = 0
configure:6918: gfortran -m64 -fopenmp -c conftestf.f
configure:6921: $? = 0
configure:6924: gfortran -o conftest -m64 -fopenmp  conftestf.o conftest.o  
configure:6927: $? = 0
configure:6930: ./conftest
configure:6933: $? = 0
configure:6935: result: yes
configure:6968: checking for Fortran-equivalent to netCDF "byte"
configure:6976: gfortran -c -m64 -fopenmp conftest.f
configure:6979: $? = 0
configure:6989: result: byte
configure:6995: checking for Fortran-equivalent to netCDF "short"
configure:7003: gfortran -c -m64 -fopenmp conftest.f
configure:7006: $? = 0
configure:7016: result: integer*2
configure:7027: checking for math library...
configure:7031: checking for tanh in -lc
configure:7061: gcc -o conftest -D_FILE_OFFSET_BITS=64 -D_LARGEFILE_SOURCE -g -arch ppc -arch ppc64 -arch i686 -arch x86_64  -Df2cFortran  conftest.c -lc   >&5
conftest.c:28: warning: conflicting types for built-in function 'tanh'
conftest.c:28: warning: conflicting types for built-in function 'tanh'
conftest.c:28: warning: conflicting types for built-in function 'tanh'
conftest.c:28: warning: conflicting types for built-in function 'tanh'
configure:7067: $? = 0
configure:7071: test -z 
			 || test ! -s conftest.err
configure:7074: $? = 0
configure:7077: test -s conftest
configure:7080: $? = 0
configure:7093: result: yes
configure:7179: checking for egrep
configure:7189: result: grep -E
configure:7194: checking for ANSI C header files
configure:7219: gcc -c -D_FILE_OFFSET_BITS=64 -D_LARGEFILE_SOURCE -g -arch ppc -arch ppc64 -arch i686 -arch x86_64  -Df2cFortran conftest.c >&5
configure:7225: $? = 0
configure:7229: test -z 
			 || test ! -s conftest.err
configure:7232: $? = 0
configure:7235: test -s conftest.o
configure:7238: $? = 0
configure:7327: gcc -o conftest -D_FILE_OFFSET_BITS=64 -D_LARGEFILE_SOURCE -g -arch ppc -arch ppc64 -arch i686 -arch x86_64  -Df2cFortran  conftest.c  >&5
conftest.c: In function 'main':
conftest.c:38: warning: incompatible implicit declaration of built-in function 'exit'
conftest.c: In function 'main':
conftest.c:38: warning: incompatible implicit declaration of built-in function 'exit'
conftest.c: In function 'main':
conftest.c:38: warning: incompatible implicit declaration of built-in function 'exit'
conftest.c: In function 'main':
conftest.c:38: warning: incompatible implicit declaration of built-in function 'exit'
configure:7330: $? = 0
configure:7332: ./conftest
configure:7335: $? = 0
configure:7350: result: yes
configure:7374: checking for sys/types.h
configure:7390: gcc -c -D_FILE_OFFSET_BITS=64 -D_LARGEFILE_SOURCE -g -arch ppc -arch ppc64 -arch i686 -arch x86_64  -Df2cFortran conftest.c >&5
configure:7396: $? = 0
configure:7400: test -z 
			 || test ! -s conftest.err
configure:7403: $? = 0
configure:7406: test -s conftest.o
configure:7409: $? = 0
configure:7420: result: yes
configure:7374: checking for sys/stat.h
configure:7390: gcc -c -D_FILE_OFFSET_BITS=64 -D_LARGEFILE_SOURCE -g -arch ppc -arch ppc64 -arch i686 -arch x86_64  -Df2cFortran conftest.c >&5
configure:7396: $? = 0
configure:7400: test -z 
			 || test ! -s conftest.err
configure:7403: $? = 0
configure:7406: test -s conftest.o
configure:7409: $? = 0
configure:7420: result: yes
configure:7374: checking for stdlib.h
configure:7390: gcc -c -D_FILE_OFFSET_BITS=64 -D_LARGEFILE_SOURCE -g -arch ppc -arch ppc64 -arch i686 -arch x86_64  -Df2cFortran conftest.c >&5
configure:7396: $? = 0
configure:7400: test -z 
			 || test ! -s conftest.err
configure:7403: $? = 0
configure:7406: test -s conftest.o
configure:7409: $? = 0
configure:7420: result: yes
configure:7374: checking for string.h
configure:7390: gcc -c -D_FILE_OFFSET_BITS=64 -D_LARGEFILE_SOURCE -g -arch ppc -arch ppc64 -arch i686 -arch x86_64  -Df2cFortran conftest.c >&5
configure:7396: $? = 0
configure:7400: test -z 
			 || test ! -s conftest.err
configure:7403: $? = 0
configure:7406: test -s conftest.o
configure:7409: $? = 0
configure:7420: result: yes
configure:7374: checking for memory.h
configure:7390: gcc -c -D_FILE_OFFSET_BITS=64 -D_LARGEFILE_SOURCE -g -arch ppc -arch ppc64 -arch i686 -arch x86_64  -Df2cFortran conftest.c >&5
configure:7396: $? = 0
configure:7400: test -z 
			 || test ! -s conftest.err
configure:7403: $? = 0
configure:7406: test -s conftest.o
configure:7409: $? = 0
configure:7420: result: yes
configure:7374: checking for strings.h
configure:7390: gcc -c -D_FILE_OFFSET_BITS=64 -D_LARGEFILE_SOURCE -g -arch ppc -arch ppc64 -arch i686 -arch x86_64  -Df2cFortran conftest.c >&5
configure:7396: $? = 0
configure:7400: test -z 
			 || test ! -s conftest.err
configure:7403: $? = 0
configure:7406: test -s conftest.o
configure:7409: $? = 0
configure:7420: result: yes
configure:7374: checking for inttypes.h
configure:7390: gcc -c -D_FILE_OFFSET_BITS=64 -D_LARGEFILE_SOURCE -g -arch ppc -arch ppc64 -arch i686 -arch x86_64  -Df2cFortran conftest.c >&5
configure:7396: $? = 0
configure:7400: test -z 
			 || test ! -s conftest.err
configure:7403: $? = 0
configure:7406: test -s conftest.o
configure:7409: $? = 0
configure:7420: result: yes
configure:7374: checking for stdint.h
configure:7390: gcc -c -D_FILE_OFFSET_BITS=64 -D_LARGEFILE_SOURCE -g -arch ppc -arch ppc64 -arch i686 -arch x86_64  -Df2cFortran conftest.c >&5
configure:7396: $? = 0
configure:7400: test -z 
			 || test ! -s conftest.err
configure:7403: $? = 0
configure:7406: test -s conftest.o
configure:7409: $? = 0
configure:7420: result: yes
configure:7374: checking for unistd.h
configure:7390: gcc -c -D_FILE_OFFSET_BITS=64 -D_LARGEFILE_SOURCE -g -arch ppc -arch ppc64 -arch i686 -arch x86_64  -Df2cFortran conftest.c >&5
configure:7396: $? = 0
configure:7400: test -z 
			 || test ! -s conftest.err
configure:7403: $? = 0
configure:7406: test -s conftest.o
configure:7409: $? = 0
configure:7420: result: yes
configure:7433: checking for stdlib.h
configure:7438: result: yes
configure:7580: checking for sys/types.h
configure:7585: result: yes
configure:7726: checking for strerror
configure:7783: gcc -o conftest -D_FILE_OFFSET_BITS=64 -D_LARGEFILE_SOURCE -g -arch ppc -arch ppc64 -arch i686 -arch x86_64  -Df2cFortran  conftest.c  >&5
configure:7789: $? = 0
configure:7793: test -z 
			 || test ! -s conftest.err
configure:7796: $? = 0
configure:7799: test -s conftest
configure:7802: $? = 0
configure:7814: result: yes
configure:7826: checking for working ftruncate()
configure:7888: gcc -o conftest -D_FILE_OFFSET_BITS=64 -D_LARGEFILE_SOURCE -g -arch ppc -arch ppc64 -arch i686 -arch x86_64  -Df2cFortran  conftest.c  >&5
configure:7891: $? = 0
configure:7893: ./conftest
configure:7896: $? = 0
configure:7898: result: yes
configure:7920: checking for working alloca.h
configure:7941: gcc -o conftest -D_FILE_OFFSET_BITS=64 -D_LARGEFILE_SOURCE -g -arch ppc -arch ppc64 -arch i686 -arch x86_64  -Df2cFortran  conftest.c  >&5
configure:7947: $? = 0
configure:7951: test -z 
			 || test ! -s conftest.err
configure:7954: $? = 0
configure:7957: test -s conftest
configure:7960: $? = 0
configure:7972: result: yes
configure:7982: checking for alloca
configure:8023: gcc -o conftest -D_FILE_OFFSET_BITS=64 -D_LARGEFILE_SOURCE -g -arch ppc -arch ppc64 -arch i686 -arch x86_64  -Df2cFortran  conftest.c  >&5
configure:8029: $? = 0
configure:8033: test -z 
			 || test ! -s conftest.err
configure:8036: $? = 0
configure:8039: test -s conftest
configure:8042: $? = 0
configure:8054: result: yes
configure:8278: checking for struct stat.st_blksize
configure:8301: gcc -c -D_FILE_OFFSET_BITS=64 -D_LARGEFILE_SOURCE -g -arch ppc -arch ppc64 -arch i686 -arch x86_64  -Df2cFortran conftest.c >&5
configure:8307: $? = 0
configure:8311: test -z 
			 || test ! -s conftest.err
configure:8314: $? = 0
configure:8317: test -s conftest.o
configure:8320: $? = 0
configure:8377: result: yes
configure:8394: checking for IEEE floating point format
configure:8437: gcc -o conftest -D_FILE_OFFSET_BITS=64 -D_LARGEFILE_SOURCE -g -arch ppc -arch ppc64 -arch i686 -arch x86_64  -Df2cFortran  conftest.c  >&5
configure:8440: $? = 0
configure:8442: ./conftest
configure:8445: $? = 0
configure:8458: result: yes
configure:8467: checking for size_t
configure:8491: gcc -c -D_FILE_OFFSET_BITS=64 -D_LARGEFILE_SOURCE -g -arch ppc -arch ppc64 -arch i686 -arch x86_64  -Df2cFortran conftest.c >&5
configure:8497: $? = 0
configure:8501: test -z 
			 || test ! -s conftest.err
configure:8504: $? = 0
configure:8507: test -s conftest.o
configure:8510: $? = 0
configure:8521: result: yes
configure:8533: checking for off_t
configure:8557: gcc -c -D_FILE_OFFSET_BITS=64 -D_LARGEFILE_SOURCE -g -arch ppc -arch ppc64 -arch i686 -arch x86_64  -Df2cFortran conftest.c >&5
configure:8563: $? = 0
configure:8567: test -z 
			 || test ! -s conftest.err
configure:8570: $? = 0
configure:8573: test -s conftest.o
configure:8576: $? = 0
configure:8587: result: yes
configure:8599: checking for ssize_t
configure:8623: gcc -c -D_FILE_OFFSET_BITS=64 -D_LARGEFILE_SOURCE -g -arch ppc -arch ppc64 -arch i686 -arch x86_64  -Df2cFortran conftest.c >&5
configure:8629: $? = 0
configure:8633: test -z 
			 || test ! -s conftest.err
configure:8636: $? = 0
configure:8639: test -s conftest.o
configure:8642: $? = 0
configure:8653: result: yes
configure:8665: checking for ptrdiff_t
configure:8689: gcc -c -D_FILE_OFFSET_BITS=64 -D_LARGEFILE_SOURCE -g -arch ppc -arch ppc64 -arch i686 -arch x86_64  -Df2cFortran conftest.c >&5
configure:8695: $? = 0
configure:8699: test -z 
			 || test ! -s conftest.err
configure:8702: $? = 0
configure:8705: test -s conftest.o
configure:8708: $? = 0
configure:8719: result: yes
configure:8731: checking for uchar
configure:8755: gcc -c -D_FILE_OFFSET_BITS=64 -D_LARGEFILE_SOURCE -g -arch ppc -arch ppc64 -arch i686 -arch x86_64  -Df2cFortran conftest.c >&5
conftest.c: In function 'main':
conftest.c:73: error: 'uchar' undeclared (first use in this function)
conftest.c:73: error: (Each undeclared identifier is reported only once
conftest.c:73: error: for each function it appears in.)
conftest.c:73: error: expected expression before ')' token
conftest.c: In function 'main':
conftest.c:73: error: 'uchar' undeclared (first use in this function)
conftest.c:73: error: (Each undeclared identifier is reported only once
conftest.c:73: error: for each function it appears in.)
conftest.c:73: error: expected expression before ')' token
conftest.c: In function 'main':
conftest.c:73: error: 'uchar' undeclared (first use in this function)
conftest.c:73: error: (Each undeclared identifier is reported only once
conftest.c:73: error: for each function it appears in.)
conftest.c:73: error: expected expression before ')' token
conftest.c: In function 'main':
conftest.c:73: error: 'uchar' undeclared (first use in this function)
conftest.c:73: error: (Each undeclared identifier is reported only once
conftest.c:73: error: for each function it appears in.)
conftest.c:73: error: expected expression before ')' token
lipo: can't figure out the architecture type of: /var/folders/vb/vbW+iEwuEEOWUCqD7biPE++++TI/-Tmp-//ccpVfG8R.out
configure:8761: $? = 1
configure: failed program was:
| /* confdefs.h.  */
| 
| #define PACKAGE_NAME "netCDF"
| #define PACKAGE_TARNAME "netcdf"
| #define PACKAGE_VERSION "3.6.0"
| #define PACKAGE_STRING "netCDF 3.6.0"
| #define PACKAGE_BUGREPORT "support@unidata.ucar.edu"
| #ifdef __cplusplus
| extern "C" void exit (int);
| #endif
| #define NF_INT1_T byte
| #define NF_INT2_T integer*2
| #define NF_INT1_IS_C_SIGNED_CHAR 1
| #define NF_INT2_IS_C_SHORT 1
| #define NF_INT_IS_C_INT 1
| #define NF_REAL_IS_C_FLOAT 1
| #define NF_DOUBLEPRECISION_IS_C_DOUBLE 1
| #define NCBYTE_T byte
| #define NCSHORT_T integer*2
| #define STDC_HEADERS 1
| #define HAVE_SYS_TYPES_H 1
| #define HAVE_SYS_STAT_H 1
| #define HAVE_STDLIB_H 1
| #define HAVE_STRING_H 1
| #define HAVE_MEMORY_H 1
| #define HAVE_STRINGS_H 1
| #define HAVE_INTTYPES_H 1
| #define HAVE_STDINT_H 1
| #define HAVE_UNISTD_H 1
| #define HAVE_FTRUNCATE 1
| #define HAVE_ALLOCA_H 1
| #define HAVE_ALLOCA 1
| #define HAVE_STRUCT_STAT_ST_BLKSIZE 1
| #define HAVE_ST_BLKSIZE 1
| /* end confdefs.h.  */
| #include <stdio.h>
| #if HAVE_SYS_TYPES_H
| # include <sys/types.h>
| #endif
| #if HAVE_SYS_STAT_H
| # include <sys/stat.h>
| #endif
| #if STDC_HEADERS
| # include <stdlib.h>
| # include <stddef.h>
| #else
| # if HAVE_STDLIB_H
| #  include <stdlib.h>
| # endif
| #endif
| #if HAVE_STRING_H
| # if !STDC_HEADERS && HAVE_MEMORY_H
| #  include <memory.h>
| # endif
| # include <string.h>
| #endif
| #if HAVE_STRINGS_H
| # include <strings.h>
| #endif
| #if HAVE_INTTYPES_H
| # include <inttypes.h>
| #else
| # if HAVE_STDINT_H
| #  include <stdint.h>
| # endif
| #endif
| #if HAVE_UNISTD_H
| # include <unistd.h>
| #endif
| int
| main ()
| {
| if ((uchar *) 0)
|   return 0;
| if (sizeof (uchar))
|   return 0;
|   ;
|   return 0;
| }
configure:8785: result: no
configure:8798: checking whether char is unsigned
configure:8821: gcc -c -D_FILE_OFFSET_BITS=64 -D_LARGEFILE_SOURCE -g -arch ppc -arch ppc64 -arch i686 -arch x86_64  -Df2cFortran conftest.c >&5
configure:8827: $? = 0
configure:8831: test -z 
			 || test ! -s conftest.err
configure:8834: $? = 0
configure:8837: test -s conftest.o
configure:8840: $? = 0
configure:8851: result: no
configure:8860: checking whether byte ordering is bigendian
configure:8887: gcc -c -D_FILE_OFFSET_BITS=64 -D_LARGEFILE_SOURCE -g -arch ppc -arch ppc64 -arch i686 -arch x86_64  -Df2cFortran conftest.c >&5
configure:8893: $? = 0
configure:8897: test -z 
			 || test ! -s conftest.err
configure:8900: $? = 0
configure:8903: test -s conftest.o
configure:8906: $? = 0
configure:8930: gcc -c -D_FILE_OFFSET_BITS=64 -D_LARGEFILE_SOURCE -g -arch ppc -arch ppc64 -arch i686 -arch x86_64  -Df2cFortran conftest.c >&5
conftest.c: In function 'main':
conftest.c:44: error: 'not' undeclared (first use in this function)
conftest.c:44: error: (Each undeclared identifier is reported only once
conftest.c:44: error: for each function it appears in.)
conftest.c:44: error: expected ';' before 'big'
conftest.c: In function 'main':
conftest.c:44: error: 'not' undeclared (first use in this function)
conftest.c:44: error: (Each undeclared identifier is reported only once
conftest.c:44: error: for each function it appears in.)
conftest.c:44: error: expected ';' before 'big'
lipo: can't figure out the architecture type of: /var/folders/vb/vbW+iEwuEEOWUCqD7biPE++++TI/-Tmp-//ccsmVyk2.out
configure:8936: $? = 1
configure: failed program was:
| /* confdefs.h.  */
| 
| #define PACKAGE_NAME "netCDF"
| #define PACKAGE_TARNAME "netcdf"
| #define PACKAGE_VERSION "3.6.0"
| #define PACKAGE_STRING "netCDF 3.6.0"
| #define PACKAGE_BUGREPORT "support@unidata.ucar.edu"
| #ifdef __cplusplus
| extern "C" void exit (int);
| #endif
| #define NF_INT1_T byte
| #define NF_INT2_T integer*2
| #define NF_INT1_IS_C_SIGNED_CHAR 1
| #define NF_INT2_IS_C_SHORT 1
| #define NF_INT_IS_C_INT 1
| #define NF_REAL_IS_C_FLOAT 1
| #define NF_DOUBLEPRECISION_IS_C_DOUBLE 1
| #define NCBYTE_T byte
| #define NCSHORT_T integer*2
| #define STDC_HEADERS 1
| #define HAVE_SYS_TYPES_H 1
| #define HAVE_SYS_STAT_H 1
| #define HAVE_STDLIB_H 1
| #define HAVE_STRING_H 1
| #define HAVE_MEMORY_H 1
| #define HAVE_STRINGS_H 1
| #define HAVE_INTTYPES_H 1
| #define HAVE_STDINT_H 1
| #define HAVE_UNISTD_H 1
| #define HAVE_FTRUNCATE 1
| #define HAVE_ALLOCA_H 1
| #define HAVE_ALLOCA 1
| #define HAVE_STRUCT_STAT_ST_BLKSIZE 1
| #define HAVE_ST_BLKSIZE 1
| #define uchar unsigned char
| /* end confdefs.h.  */
| #include <sys/types.h>
| #include <sys/param.h>
| 
| int
| main ()
| {
| #if BYTE_ORDER != BIG_ENDIAN
|  not big endian
| #endif
| 
|   ;
|   return 0;
| }
configure:9071: result: no
configure:9090: checking for short
configure:9114: gcc -c -D_FILE_OFFSET_BITS=64 -D_LARGEFILE_SOURCE -g -arch ppc -arch ppc64 -arch i686 -arch x86_64  -Df2cFortran conftest.c >&5
configure:9120: $? = 0
configure:9124: test -z 
			 || test ! -s conftest.err
configure:9127: $? = 0
configure:9130: test -s conftest.o
configure:9133: $? = 0
configure:9144: result: yes
configure:9147: checking size of short
configure:9466: gcc -o conftest -D_FILE_OFFSET_BITS=64 -D_LARGEFILE_SOURCE -g -arch ppc -arch ppc64 -arch i686 -arch x86_64  -Df2cFortran  conftest.c  >&5
configure:9469: $? = 0
configure:9471: ./conftest
configure:9474: $? = 0
configure:9497: result: 2
configure:9504: checking for int
configure:9528: gcc -c -D_FILE_OFFSET_BITS=64 -D_LARGEFILE_SOURCE -g -arch ppc -arch ppc64 -arch i686 -arch x86_64  -Df2cFortran conftest.c >&5
configure:9534: $? = 0
configure:9538: test -z 
			 || test ! -s conftest.err
configure:9541: $? = 0
configure:9544: test -s conftest.o
configure:9547: $? = 0
configure:9558: result: yes
configure:9561: checking size of int
configure:9880: gcc -o conftest -D_FILE_OFFSET_BITS=64 -D_LARGEFILE_SOURCE -g -arch ppc -arch ppc64 -arch i686 -arch x86_64  -Df2cFortran  conftest.c  >&5
configure:9883: $? = 0
configure:9885: ./conftest
configure:9888: $? = 0
configure:9911: result: 4
configure:9918: checking for long
configure:9942: gcc -c -D_FILE_OFFSET_BITS=64 -D_LARGEFILE_SOURCE -g -arch ppc -arch ppc64 -arch i686 -arch x86_64  -Df2cFortran conftest.c >&5
configure:9948: $? = 0
configure:9952: test -z 
			 || test ! -s conftest.err
configure:9955: $? = 0
configure:9958: test -s conftest.o
configure:9961: $? = 0
configure:9972: result: yes
configure:9975: checking size of long
configure:10294: gcc -o conftest -D_FILE_OFFSET_BITS=64 -D_LARGEFILE_SOURCE -g -arch ppc -arch ppc64 -arch i686 -arch x86_64  -Df2cFortran  conftest.c  >&5
configure:10297: $? = 0
configure:10299: ./conftest
configure:10302: $? = 0
configure:10325: result: 8
configure:10332: checking for float
configure:10356: gcc -c -D_FILE_OFFSET_BITS=64 -D_LARGEFILE_SOURCE -g -arch ppc -arch ppc64 -arch i686 -arch x86_64  -Df2cFortran conftest.c >&5
configure:10362: $? = 0
configure:10366: test -z 
			 || test ! -s conftest.err
configure:10369: $? = 0
configure:10372: test -s conftest.o
configure:10375: $? = 0
configure:10386: result: yes
configure:10389: checking size of float
configure:10708: gcc -o conftest -D_FILE_OFFSET_BITS=64 -D_LARGEFILE_SOURCE -g -arch ppc -arch ppc64 -arch i686 -arch x86_64  -Df2cFortran  conftest.c  >&5
configure:10711: $? = 0
configure:10713: ./conftest
configure:10716: $? = 0
configure:10739: result: 4
configure:10746: checking for double
configure:10770: gcc -c -D_FILE_OFFSET_BITS=64 -D_LARGEFILE_SOURCE -g -arch ppc -arch ppc64 -arch i686 -arch x86_64  -Df2cFortran conftest.c >&5
configure:10776: $? = 0
configure:10780: test -z 
			 || test ! -s conftest.err
configure:10783: $? = 0
configure:10786: test -s conftest.o
configure:10789: $? = 0
configure:10800: result: yes
configure:10803: checking size of double
configure:11122: gcc -o conftest -D_FILE_OFFSET_BITS=64 -D_LARGEFILE_SOURCE -g -arch ppc -arch ppc64 -arch i686 -arch x86_64  -Df2cFortran  conftest.c  >&5
configure:11125: $? = 0
configure:11127: ./conftest
configure:11130: $? = 0
configure:11153: result: 8
configure:11160: checking size of off_t
configure:11188: gcc -o conftest -D_FILE_OFFSET_BITS=64 -D_LARGEFILE_SOURCE -g -arch ppc -arch ppc64 -arch i686 -arch x86_64  -Df2cFortran  conftest.c  >&5
configure:11191: $? = 0
configure:11193: ./conftest
configure:11196: $? = 0
configure:11210: result: 8
configure:11217: checking size of size_t
configure:11245: gcc -o conftest -D_FILE_OFFSET_BITS=64 -D_LARGEFILE_SOURCE -g -arch ppc -arch ppc64 -arch i686 -arch x86_64  -Df2cFortran  conftest.c  >&5
configure:11248: $? = 0
configure:11250: ./conftest
configure:11253: $? = 0
configure:11267: result: 8
configure:11313: checking for catman
configure:11342: result: no
configure:11313: checking for makewhatis
configure:11342: result: no
configure:11313: checking for /usr/lib/makewhatis
configure:11342: result: no
configure:11361: checking for manual-page index command
configure:11363: result: 
configure:11366: checking binary distribution directory
configure:11374: result: /home/ftp/pub/binary/dummy_system
configure:11474: creating ./config.status

## ---------------------- ##
## Running config.status. ##
## ---------------------- ##

This file was extended by netCDF config.status 3.6.0, which was
generated by GNU Autoconf 2.59.  Invocation command line was

  CONFIG_FILES    = 
  CONFIG_HEADERS  = 
  CONFIG_LINKS    = 
  CONFIG_COMMANDS = 
  $ ./config.status 

on oz.rtpnc.epa.gov

config.status:695: creating macros.make
config.status:799: creating libsrc/ncconfig.h
config.status:945: libsrc/ncconfig.h is unchanged
config.status:799: creating fortran/nfconfig.inc
config.status:1103: executing default commands

## ---------------- ##
## Cache variables. ##
## ---------------- ##

ac_cv_build=i686-apple-darwin9.6.0
ac_cv_build_alias=i686-apple-darwin9.6.0
ac_cv_c_bigendian=no
ac_cv_c_char_unsigned=no
ac_cv_c_compiler_gnu=yes
ac_cv_c_ieeefloat=yes
ac_cv_cxx_compiler_gnu=yes
ac_cv_env_CC_set=set
ac_cv_env_CC_value=gcc
ac_cv_env_CFLAGS_set=set
ac_cv_env_CFLAGS_value='-D_FILE_OFFSET_BITS=64 -D_LARGEFILE_SOURCE -g -arch ppc -arch ppc64 -arch i686 -arch x86_64'
ac_cv_env_CPPFLAGS_set=
ac_cv_env_CPPFLAGS_value=
ac_cv_env_CPP_set=
ac_cv_env_CPP_value=
ac_cv_env_CXXFLAGS_set=set
ac_cv_env_CXXFLAGS_value='-D_FILE_OFFSET_BITS=64 -D_LARGEFILE_SOURCE -g -arch ppc -arch ppc64 -arch i686 -arch x86_64'
ac_cv_env_CXX_set=
ac_cv_env_CXX_value=
ac_cv_env_FCFLAGS_set=
ac_cv_env_FCFLAGS_value=
ac_cv_env_FC_set=
ac_cv_env_FC_value=
ac_cv_env_LDFLAGS_set=
ac_cv_env_LDFLAGS_value=
ac_cv_env_build_alias_set=
ac_cv_env_build_alias_value=
ac_cv_env_host_alias_set=
ac_cv_env_host_alias_value=
ac_cv_env_target_alias_set=
ac_cv_env_target_alias_value=
ac_cv_exeext=
ac_cv_fc_compiler_gnu=yes
ac_cv_func_alloca_works=yes
ac_cv_func_strerror=yes
ac_cv_header_inttypes_h=yes
ac_cv_header_memory_h=yes
ac_cv_header_stdc=yes
ac_cv_header_stdint_h=yes
ac_cv_header_stdlib_h=yes
ac_cv_header_string_h=yes
ac_cv_header_strings_h=yes
ac_cv_header_sys_stat_h=yes
ac_cv_header_sys_types_h=yes
ac_cv_header_unistd_h=yes
ac_cv_host=i686-apple-darwin9.6.0
ac_cv_host_alias=i686-apple-darwin9.6.0
ac_cv_lib_c_tanh=yes
ac_cv_member_struct_stat_st_blksize=yes
ac_cv_objext=o
ac_cv_path_install='/usr/bin/install -c'
ac_cv_prog_AR='libtool -static -o '
ac_cv_prog_CPP='gcc -E'
ac_cv_prog_M4=m4
ac_cv_prog_NM=nm
ac_cv_prog_ac_ct_CXX=g++
ac_cv_prog_ac_ct_FC=gfortran
ac_cv_prog_ac_ct_RANLIB=ranlib
ac_cv_prog_cc_g=yes
ac_cv_prog_cc_stdc=
ac_cv_prog_cxx_g=yes
ac_cv_prog_egrep='grep -E'
ac_cv_prog_fc_g=yes
ac_cv_sizeof_double=8
ac_cv_sizeof_float=4
ac_cv_sizeof_int=4
ac_cv_sizeof_long=8
ac_cv_sizeof_off_t=8
ac_cv_sizeof_short=2
ac_cv_sizeof_size_t=8
ac_cv_sys_file_offset_bits=no
ac_cv_sys_large_files=no
ac_cv_sys_largefile_CC=no
ac_cv_type_double=yes
ac_cv_type_float=yes
ac_cv_type_int=yes
ac_cv_type_long=yes
ac_cv_type_off_t=yes
ac_cv_type_ptrdiff_t=yes
ac_cv_type_short=yes
ac_cv_type_size_t=yes
ac_cv_type_ssize_t=yes
ac_cv_type_uchar=no
ac_cv_working_alloca_h=yes

## ----------------- ##
## Output variables. ##
## ----------------- ##

ALLOCA=''
AR='libtool -static -o '
ARFLAGS='cru'
CC='gcc'
CC_MAKEDEPEND='false'
CFLAGS='-D_FILE_OFFSET_BITS=64 -D_LARGEFILE_SOURCE -g -arch ppc -arch ppc64 -arch i686 -arch x86_64'
COMPILE_F='$(COMPILE.f) $(FPPFLAGS)'
CPP='gcc -E'
CPPFLAGS=' -Df2cFortran'
CXX='g++'
CXXFLAGS='-D_FILE_OFFSET_BITS=64 -D_LARGEFILE_SOURCE -g -arch ppc -arch ppc64 -arch i686 -arch x86_64'
DEFS='-DHAVE_CONFIG_H'
ECHO_C='ECHO_N=''
ECHO_T=''
EGREP='grep -E'
EXEEXT=''
F90='gfortran'
F90FLAGS=''
F90LIBS=''
FC='gfortran'
FCFLAGS='-g -O2'
FFLAGS='-m64 -fopenmp'
FLIBS=''
FPP=''
FPPFLAGS=''
FTPBINDIR='/home/ftp/pub/binary/dummy_system'
IGNORE_FPE=''
INSTALL_DATA='${INSTALL} -m 644'
INSTALL_PROGRAM='${INSTALL}'
INSTALL_SCRIPT='${INSTALL}'
LDFLAGS=''
LIBOBJS=''
LIBS=''
LTLIBOBJS=''
M4='m4'
M4FLAGS='-B10000'
MAKEWHATIS_CMD=''
MATHLIB=''
NM='nm'
NMFLAGS=''
OBJEXT='o'
PACKAGE_BUGREPORT='support@unidata.ucar.edu'
PACKAGE_NAME='netCDF'
PACKAGE_STRING='netCDF 3.6.0'
PACKAGE_TARNAME='netcdf'
PACKAGE_VERSION='3.6.0'
PATH_SEPARATOR=':'
RANLIB='ranlib'
SHELL='/bin/sh'
SRCDIR='/Users/plessel/projects/eutrophic/code/src/libs/NetCDF/netcdf-3.6.0-p1/src'
WHATIS='whatis'
ac_ct_CC=''
ac_ct_CXX='g++'
ac_ct_FC='gfortran'
ac_ct_RANLIB='ranlib'
bindir='${exec_prefix}/bin'
build='i686-apple-darwin9.6.0'
build_alias=''
build_cpu='i686'
build_os='darwin9.6.0'
build_vendor='apple'
datadir='${prefix}/share'
exec_prefix='${prefix}'
host='i686-apple-darwin9.6.0'
host_alias=''
host_cpu='i686'
host_os='darwin9.6.0'
host_vendor='apple'
includedir='${prefix}/include'
infodir='${prefix}/info'
libdir='${exec_prefix}/lib'
libexecdir='${exec_prefix}/libexec'
localstatedir='${prefix}/var'
mandir='${prefix}/man'
oldincludedir='/usr/include'
prefix='/Users/plessel/projects/eutrophic/code/src/libs/NetCDF/netcdf-3.6.0-p1'
prog=''
program_transform_name='s,x,x,'
sbindir='${exec_prefix}/sbin'
sharedstatedir='${prefix}/com'
sysconfdir='${prefix}/etc'
target_alias=''

## ----------- ##
## confdefs.h. ##
## ----------- ##

#define HAVE_ALLOCA 1
#define HAVE_ALLOCA_H 1
#define HAVE_FTRUNCATE 1
#define HAVE_INTTYPES_H 1
#define HAVE_MEMORY_H 1
#define HAVE_STDINT_H 1
#define HAVE_STDLIB_H 1
#define HAVE_STRINGS_H 1
#define HAVE_STRING_H 1
#define HAVE_STRUCT_STAT_ST_BLKSIZE 1
#define HAVE_ST_BLKSIZE 1
#define HAVE_SYS_STAT_H 1
#define HAVE_SYS_TYPES_H 1
#define HAVE_UNISTD_H 1
#define NCBYTE_T byte
#define NCSHORT_T integer*2
#define NF_DOUBLEPRECISION_IS_C_DOUBLE 1
#define NF_INT1_IS_C_SIGNED_CHAR 1
#define NF_INT1_T byte
#define NF_INT2_IS_C_SHORT 1
#define NF_INT2_T integer*2
#define NF_INT_IS_C_INT 1
#define NF_REAL_IS_C_FLOAT 1
#define PACKAGE_BUGREPORT "support@unidata.ucar.edu"
#define PACKAGE_NAME "netCDF"
#define PACKAGE_STRING "netCDF 3.6.0"
#define PACKAGE_TARNAME "netcdf"
#define PACKAGE_VERSION "3.6.0"
#define SIZEOF_DOUBLE 8
#define SIZEOF_FLOAT 4
#define SIZEOF_INT 4
#define SIZEOF_LONG 8
#define SIZEOF_OFF_T 8
#define SIZEOF_SHORT 2
#define SIZEOF_SIZE_T 8
#define STDC_HEADERS 1
#define uchar unsigned char
#endif
#ifdef __cplusplus
extern "C" void exit (int);

configure: exit 0
